mupdf-lib/build/outputs/logs/manifest-merger-debug-report.txt
-- Merging decision tree log ---
manifest
ADDED from src\main\AndroidManifest.xml:2:1-39:12
INJECTED from src\main\AndroidManifest.xml:2:1-39:12
INJECTED from src\main\AndroidManifest.xml:2:1-39:12
	package
		ADDED from src\main\AndroidManifest.xml:3:2-36
		INJECTED from src\main\AndroidManifest.xml
		INJECTED from src\main\AndroidManifest.xml
	xmlns:android
		ADDED from src\main\AndroidManifest.xml:2:11-69
application
ADDED from src\main\AndroidManifest.xml:5:2-38:16
activity#com.artifex.mupdf.viewer.DocumentActivity
ADDED from src\main\AndroidManifest.xml:6:3-32:14
	android:configChanges
		ADDED from src\main\AndroidManifest.xml:8:4-65
	android:name
		ADDED from src\main\AndroidManifest.xml:7:4-36
intent-filter#action:name:android.intent.action.VIEW+category:name:android.intent.category.BROWSABLE+category:name:android.intent.category.DEFAULT+data:mimeType:application/epub+zip+data:mimeType:application/oxps+data:mimeType:application/pdf+data:mimeType:application/vnd.ms-xpsdocument+data:mimeType:application/x-cbz+data:mimeType:text/xml
ADDED from src\main\AndroidManifest.xml:10:4-20:20
action#android.intent.action.VIEW
ADDED from src\main\AndroidManifest.xml:11:5-57
	android:name
		ADDED from src\main\AndroidManifest.xml:11:13-54
category#android.intent.category.DEFAULT
ADDED from src\main\AndroidManifest.xml:12:5-64
	android:name
		ADDED from src\main\AndroidManifest.xml:12:15-61
category#android.intent.category.BROWSABLE
ADDED from src\main\AndroidManifest.xml:13:5-66
	android:name
		ADDED from src\main\AndroidManifest.xml:13:15-63
data
ADDED from src\main\AndroidManifest.xml:14:5-48
	android:pathPattern
		ADDED from src\main\AndroidManifest.xml:25:11-41
	android:mimeType
		ADDED from src\main\AndroidManifest.xml:14:11-45
intent-filter#action:name:android.intent.action.VIEW+category:name:android.intent.category.BROWSABLE+category:name:android.intent.category.DEFAULT+data:pathPattern:.*\\.cbz+data:pathPattern:.*\\.epub+data:pathPattern:.*\\.fb2+data:pathPattern:.*\\.oxps+data:pathPattern:.*\\.pdf+data:pathPattern:.*\\.xps
ADDED from src\main\AndroidManifest.xml:21:4-31:20
activity#com.artifex.mupdf.viewer.OutlineActivity
ADDED from src\main\AndroidManifest.xml:33:3-37:14
	android:configChanges
		ADDED from src\main\AndroidManifest.xml:35:4-65
	android:name
		ADDED from src\main\AndroidManifest.xml:34:4-35
uses-sdk
INJECTED from src\main\AndroidManifest.xml reason: use-sdk injection requested
INJECTED from src\main\AndroidManifest.xml
INJECTED from src\main\AndroidManifest.xml
INJECTED from src\main\AndroidManifest.xml
INJECTED from src\main\AndroidManifest.xml
	android:targetSdkVersion
		INJECTED from src\main\AndroidManifest.xml
		ADDED from src\main\AndroidManifest.xml
		INJECTED from src\main\AndroidManifest.xml
	android:minSdkVersion
		INJECTED from src\main\AndroidManifest.xml
		ADDED from src\main\AndroidManifest.xml
		INJECTED from src\main\AndroidManifest.xml